  stdafx.cpp
  dllmain.cpp
dllmain.cpp(6): warning C4100: 'lpReserved': unreferenced formal parameter
dllmain.cpp(4): warning C4100: 'hModule': unreferenced formal parameter
  affentry.cxx
f:\pbhunspell\pbhunspell-master\pbh\hunspell\affentry.hxx(121): warning C4267: 'return': conversion from 'size_t' to 'short', possible loss of data
f:\pbhunspell\pbhunspell-master\pbh\hunspell\affentry.hxx(202): warning C4267: 'return': conversion from 'size_t' to 'short', possible loss of data
  affixmgr.cxx
f:\pbhunspell\pbhunspell-master\pbh\hunspell\affentry.hxx(121): warning C4267: 'return': conversion from 'size_t' to 'short', possible loss of data
f:\pbhunspell\pbhunspell-master\pbh\hunspell\affentry.hxx(202): warning C4267: 'return': conversion from 'size_t' to 'short', possible loss of data
hunspell\affixmgr.cxx(1432): warning C4267: '=': conversion from 'size_t' to 'short', possible loss of data
hunspell\affixmgr.cxx(2009): warning C4244: '-=': conversion from 'int' to 'short', possible loss of data
hunspell\affixmgr.cxx(2011): warning C4244: '-=': conversion from 'int' to 'short', possible loss of data
hunspell\affixmgr.cxx(2585): warning C4244: '-=': conversion from 'int' to 'short', possible loss of data
hunspell\affixmgr.cxx(2587): warning C4244: '-=': conversion from 'int' to 'short', possible loss of data
  csutil.cxx
hunspell\csutil.cxx(490): warning C4244: 'return': conversion from 'int' to 'unsigned char', possible loss of data
hunspell\csutil.cxx(496): warning C4244: 'return': conversion from 'int' to 'unsigned char', possible loss of data
hunspell\csutil.cxx(502): warning C4244: 'return': conversion from 'int' to 'unsigned char', possible loss of data
  filemgr.cxx
  hashmgr.cxx
  hunspell.cxx
  hunzip.cxx
hunspell\hunzip.cxx(181): warning C4244: '=': conversion from 'std::streamsize' to 'int', possible loss of data
  phonet.cxx
  replist.cxx
  suggestmgr.cxx
  mythes.cxx
mythes\mythes.cxx(51): warning C4018: '>': signed/unsigned mismatch
mythes\mythes.cxx(179): warning C4018: '>': signed/unsigned mismatch
  pbhunspell.cpp
pbhunspell.cpp(189): warning C4244: 'argument': conversion from 'std::streamoff' to 'const unsigned int', possible loss of data
pbhunspell.cpp(790): warning C4018: '<=': signed/unsigned mismatch
pbhunspell.cpp(814): warning C4018: '<=': signed/unsigned mismatch
pbhunspell.cpp(837): warning C4018: '<=': signed/unsigned mismatch
pbhunspell.cpp(853): warning C4018: '<=': signed/unsigned mismatch
pbhunspell.cpp(869): warning C4018: '<=': signed/unsigned mismatch
pbhunspell.cpp(875): warning C4018: '<': signed/unsigned mismatch
pbhunspell.cpp(877): warning C4018: '>': signed/unsigned mismatch
pbhunspell.cpp(899): warning C4018: '<=': signed/unsigned mismatch
pbhunspell.cpp(905): warning C4018: '<': signed/unsigned mismatch
pbhunspell.cpp(907): warning C4018: '>': signed/unsigned mismatch
pbhunspell.cpp(929): warning C4018: '<=': signed/unsigned mismatch
pbhunspell.cpp(935): warning C4018: '<': signed/unsigned mismatch
pbhunspell.cpp(937): warning C4018: '>': signed/unsigned mismatch
pbhunspell.cpp(959): warning C4018: '<=': signed/unsigned mismatch
pbhunspell.cpp(965): warning C4018: '<': signed/unsigned mismatch
pbhunspell.cpp(967): warning C4018: '>': signed/unsigned mismatch
pbhunspell.cpp(989): warning C4018: '<=': signed/unsigned mismatch
pbhunspell.cpp(995): warning C4018: '<': signed/unsigned mismatch
pbhunspell.cpp(997): warning C4018: '>': signed/unsigned mismatch
pbhunspell.cpp(1019): warning C4018: '<=': signed/unsigned mismatch
pbhunspell.cpp(1025): warning C4018: '<': signed/unsigned mismatch
pbhunspell.cpp(1027): warning C4018: '>': signed/unsigned mismatch
pbhunspell.cpp(1049): warning C4018: '<=': signed/unsigned mismatch
pbhunspell.cpp(1065): warning C4018: '<=': signed/unsigned mismatch
pbhunspell.cpp(1081): warning C4018: '<=': signed/unsigned mismatch
pbhunspell.cpp(1128): warning C4018: '<=': signed/unsigned mismatch
pbhunspell.cpp(1151): warning C4018: '<=': signed/unsigned mismatch
pbhunspell.cpp(1167): warning C4018: '<=': signed/unsigned mismatch
pbhunspell.cpp(1187): warning C4018: '<=': signed/unsigned mismatch
pbhunspell.cpp(1191): warning C4018: '>': signed/unsigned mismatch
pbhunspell.cpp(1199): warning C4018: '<': signed/unsigned mismatch
pbhunspell.cpp(1201): warning C4018: '>': signed/unsigned mismatch
pbhunspell.cpp(1221): warning C4018: '<=': signed/unsigned mismatch
pbhunspell.cpp(1259): warning C4018: '<=': signed/unsigned mismatch
pbhunspell.cpp(1282): warning C4018: '<=': signed/unsigned mismatch
pbhunspell.cpp(1298): warning C4018: '<=': signed/unsigned mismatch
pbhunspell.cpp(1309): warning C4018: '<': signed/unsigned mismatch
pbhunspell.cpp(1330): warning C4018: '<=': signed/unsigned mismatch
pbhunspell.cpp(1344): warning C4018: '<': signed/unsigned mismatch
pbhunspell.cpp(1406): warning C4018: '<=': signed/unsigned mismatch
  hnjalloc.c
  hyphen.c
hyphen\hyphen.c(259): warning C4244: '=': conversion from 'int' to 'char', possible loss of data
hyphen\hyphen.c(262): warning C4244: '=': conversion from 'int' to 'char', possible loss of data
hyphen\hyphen.c(265): warning C4244: '=': conversion from 'int' to 'char', possible loss of data
hyphen\hyphen.c(268): warning C4244: '=': conversion from 'int' to 'char', possible loss of data
hyphen\hyphen.c(721): warning C4100: 'word_size': unreferenced formal parameter
hyphen\hyphen.c(987): warning C4456: declaration of 'offset' hides previous local declaration
  hyphen\hyphen.c(798): note: see declaration of 'offset'
hyphen\hyphen.c(1002): warning C4456: declaration of 'k' hides previous local declaration
  hyphen\hyphen.c(790): note: see declaration of 'k'
hyphen\hyphen.c(1019): warning C4456: declaration of 'offset' hides previous local declaration
  hyphen\hyphen.c(798): note: see declaration of 'offset'
  substrings.c
hyphen\substrings.c(171): warning C4007: 'main': must be '__cdecl'
     Creating library F:\pbhunspell\pbhunspell-master\pbh\Release\pbhunspell.lib and object F:\pbhunspell\pbhunspell-master\pbh\Release\pbhunspell.exp
  Generating code
  All 3185 functions were compiled because no usable IPDB/IOBJ from previous compilation was found.
  Finished generating code
  pbhunspell.vcxproj -> F:\pbhunspell\pbhunspell-master\pbh\Release\pbhunspell.dll
